<?xml version="1.0" encoding="UTF-8"?>
<!-- Generated by org.testng.reporters.JUnitReportReporter -->
<testsuite hostname="Shanawaz" failures="0" tests="1" name="SeleniumGrid.Practice1" time="6.245" errors="0" timestamp="2024-08-30T10:54:19 IST" skipped="0">
  <testcase classname="SeleniumGrid.Practice1" name="gridPracticeTest" time="6.245"/>
  <system-out/>
</testsuite> <!-- SeleniumGrid.Practice1 -->
