<?xml version="1.0" encoding="UTF-8"?>
<!-- Generated by org.testng.reporters.JUnitReportReporter -->
<testsuite hostname="Shanawaz" failures="0" tests="1" name="chromeoptions.HandleAnyNotifications" time="23.829" errors="0" timestamp="2024-08-19T10:37:44 IST" skipped="0">
  <testcase classname="chromeoptions.HandleAnyNotifications" name="handleNotifications" time="23.829"/>
  <system-out/>
</testsuite> <!-- chromeoptions.HandleAnyNotifications -->
