<?xml version="1.0" encoding="UTF-8"?>
<!-- Generated by org.testng.reporters.JUnitReportReporter -->
<testsuite hostname="Shanawaz" failures="0" tests="1" name="testNGImplementation.CreateContactWithExistingOrgTest" time="24.820" errors="0" timestamp="2024-08-07T12:47:39 IST" skipped="0">
  <testcase classname="testNGImplementation.CreateContactWithExistingOrgTest" name="createContact" time="24.820"/>
  <system-out/>
</testsuite> <!-- testNGImplementation.CreateContactWithExistingOrgTest -->
