<?xml version="1.0" encoding="UTF-8"?>
<!-- Generated by org.testng.reporters.JUnitReportReporter -->
<testsuite hostname="Shanawaz" failures="0" tests="1" name="fitpeoScript.FitPeoAssignment" time="83.830" errors="0" timestamp="2024-11-28T10:05:02 IST" skipped="0">
  <testcase classname="fitpeoScript.FitPeoAssignment" name="fitPeoTest" time="83.830"/>
  <system-out/>
</testsuite> <!-- fitpeoScript.FitPeoAssignment -->
