<?xml version="1.0" encoding="UTF-8"?>
<!-- Generated by org.testng.reporters.JUnitReportReporter -->
<testsuite hostname="Shanawaz" failures="0" tests="1" name="chromeoptions.ChromeOptionsClass" time="10.212" errors="0" timestamp="2024-08-19T10:02:15 IST" skipped="0">
  <testcase classname="chromeoptions.ChromeOptionsClass" name="headlessExecution" time="10.212"/>
  <system-out/>
</testsuite> <!-- chromeoptions.ChromeOptionsClass -->
