<?xml version="1.0" encoding="UTF-8"?>
<!-- Generated by org.testng.reporters.JUnitReportReporter -->
<testsuite hostname="Shanawaz" failures="0" tests="3" name="testng.DataProvidersTest" time="0.008" errors="0" timestamp="2024-08-08T09:47:39 IST" skipped="0">
  <testcase classname="testng.DataProvidersTest" name="bookTicketTest" time="0.006"/>
  <system-out/>
  <testcase classname="testng.DataProvidersTest" name="bookTicketTest" time="0.001"/>
  <system-out/>
  <testcase classname="testng.DataProvidersTest" name="bookTicketTest" time="0.001"/>
  <system-out/>
</testsuite> <!-- testng.DataProvidersTest -->
