<?xml version="1.0" encoding="UTF-8"?>
<!-- Generated by org.testng.reporters.JUnitReportReporter -->
<testsuite hostname="Shanawaz" failures="0" tests="1" name="testng.SampleTest" time="0.008" errors="0" timestamp="2024-07-27T09:46:41 IST" skipped="0">
  <testcase classname="testng.SampleTest" name="demo" time="0.008"/>
  <system-out>
    <![CDATA[Hello World!]]>
  </system-out>
</testsuite> <!-- testng.SampleTest -->
