<?xml version="1.0" encoding="UTF-8"?>
<!-- Generated by org.testng.reporters.JUnitReportReporter -->
<testsuite hostname="Shanawaz" failures="0" tests="1" name="testNGImplementation.CreateEventTest" time="22.076" errors="0" timestamp="2024-08-07T12:47:39 IST" skipped="0">
  <testcase classname="testNGImplementation.CreateEventTest" name="createEventTest" time="22.076"/>
  <system-out/>
</testsuite> <!-- testNGImplementation.CreateEventTest -->
