<?xml version="1.0" encoding="UTF-8"?>
<!-- Generated by org.testng.reporters.JUnitReportReporter -->
<testsuite hostname="Shanawaz" failures="0" tests="1" name="fitpeoScript.TestScript" time="79.627" errors="0" timestamp="2024-11-28T09:48:52 IST" skipped="0">
  <testcase classname="fitpeoScript.TestScript" name="fitPeoTest" time="79.627"/>
  <system-out/>
</testsuite> <!-- fitpeoScript.TestScript -->
