<?xml version="1.0" encoding="UTF-8"?>
<!-- Generated by org.testng.reporters.JUnitReportReporter -->
<testsuite hostname="Shanawaz" failures="0" tests="1" name="testng.RetryTest" time="0.008" errors="0" timestamp="2024-08-05T14:38:21 IST" skipped="0">
  <testcase classname="testng.RetryTest" name="demo" time="0.008"/>
  <system-out>
    <![CDATA[demo]]>
  </system-out>
</testsuite> <!-- testng.RetryTest -->
