<?xml version="1.0" encoding="UTF-8"?>
<!-- Generated by org.testng.reporters.JUnitReportReporter -->
<testsuite hostname="Shanawaz" failures="0" tests="1" name="AdditionalScenarios.FlipkartScenario" time="52.250" errors="0" timestamp="2024-08-06T10:16:34 IST" skipped="0">
  <testcase classname="AdditionalScenarios.FlipkartScenario" name="validateTotalItemsTest" time="52.250"/>
  <system-out/>
</testsuite> <!-- AdditionalScenarios.FlipkartScenario -->
